Unity Editor version:    2020.3.28f1 (f5400f52e03f)
Branch:                  2020.3/staging
Build type:              Release
Batch mode:              YES
macOS version:           Version 12.3.1 (Build 21E258)
Darwin version:          21.4.0
Architecture:            x86_64
Running under Rosetta:   NO
Available memory:        8192 MB
Using pre-set license
Pro License: NO

COMMAND LINE ARGUMENTS:
/Applications/Unity/Unity.app/Contents/MacOS/Unity
-adb2
-batchMode
-noUpm
-name
AssetImportWorker0
-projectPath
/Users/saba/Desktop/2022/immune v1.1/IMMUNE V1.1
-logFile
Logs/AssetImportWorker0.log
-srvPort
58264
Successfully changed project path to: /Users/saba/Desktop/2022/immune v1.1/IMMUNE V1.1
/Users/saba/Desktop/2022/immune v1.1/IMMUNE V1.1
Using Asset Import Pipeline V2.
Refreshing native plugins compatible for Editor in 63.37 ms, found 3 plugins.
Preloading 0 native plugins for Editor in 0.00 ms.
Initialize engine version: 2020.3.28f1 (f5400f52e03f)
[Subsystems] Discovering subsystems at path /Applications/Unity/Unity.app/Contents/Resources/UnitySubsystems
[Subsystems] Discovering subsystems at path /Users/saba/Desktop/2022/immune v1.1/IMMUNE V1.1/Assets
GfxDevice: creating device client; threaded=0
2022-10-07 17:35:33.894 Unity[56422:13489589] Color LCD preferred device: Intel(R) UHD Graphics 617 (low power)
2022-10-07 17:35:33.894 Unity[56422:13489589] Metal devices available: 1
2022-10-07 17:35:33.894 Unity[56422:13489589] 0: Intel(R) UHD Graphics 617 (low power)
2022-10-07 17:35:33.894 Unity[56422:13489589] Using device Intel(R) UHD Graphics 617 (low power)
Initializing Metal device caps: Intel(R) UHD Graphics 617
Initialize mono
Mono path[0] = '/Applications/Unity/Unity.app/Contents/Managed'
Mono path[1] = '/Applications/Unity/Unity.app/Contents/MonoBleedingEdge/lib/mono/unityjit'
Mono config path = '/Applications/Unity/Unity.app/Contents/MonoBleedingEdge/etc'
Using monoOptions --debugger-agent=transport=dt_socket,embedding=1,server=y,suspend=n,address=127.0.0.1:56422
Begin MonoManager ReloadAssembly
Registering precompiled unity dll's ...
Register platform support module: /Applications/Unity/PlaybackEngines/WebGLSupport/UnityEditor.WebGL.Extensions.dll
Register platform support module: /Applications/Unity/Unity.app/Contents/PlaybackEngines/MacStandaloneSupport/UnityEditor.OSXStandalone.Extensions.dll
Register platform support module: /Applications/Unity/PlaybackEngines/LinuxStandaloneSupport/UnityEditor.LinuxStandalone.Extensions.dll
Registered in 0.000612 seconds.
Native extension for LinuxStandalone target not found
Native extension for OSXStandalone target not found
Native extension for WebGL target not found
Refreshing native plugins compatible for Editor in 63.92 ms, found 3 plugins.
Preloading 0 native plugins for Editor in 0.00 ms.
Mono: successfully reloaded assembly
- Completed reload, in  0.947 seconds
Domain Reload Profiling:
	ReloadAssembly (948ms)
		BeginReloadAssembly (66ms)
			ExecutionOrderSort (0ms)
			DisableScriptedObjects (0ms)
			BackupInstance (0ms)
			ReleaseScriptingObjects (0ms)
			CreateAndSetChildDomain (1ms)
		EndReloadAssembly (785ms)
			LoadAssemblies (65ms)
			RebuildTransferFunctionScriptingTraits (0ms)
			SetupTypeCache (299ms)
			ReleaseScriptCaches (0ms)
			RebuildScriptCaches (55ms)
			SetupLoadedEditorAssemblies (294ms)
				LogAssemblyErrors (0ms)
				InitializePlatformSupportModulesInManaged (8ms)
				SetLoadedEditorAssemblies (0ms)
				RefreshPlugins (64ms)
				BeforeProcessingInitializeOnLoad (14ms)
				ProcessInitializeOnLoadAttributes (157ms)
				ProcessInitializeOnLoadMethodAttributes (50ms)
				AfterProcessingInitializeOnLoad (0ms)
				EditorAssembliesLoaded (0ms)
			ExecutionOrderSort2 (0ms)
			AwakeInstancesAfterBackupRestoration (0ms)
Platform modules already initialized, skipping
Registering precompiled user dll's ...
Registered in 0.005774 seconds.
Begin MonoManager ReloadAssembly
Native extension for LinuxStandalone target not found
Native extension for OSXStandalone target not found
Native extension for WebGL target not found
Refreshing native plugins compatible for Editor in 61.74 ms, found 3 plugins.
Preloading 0 native plugins for Editor in 0.00 ms.
Mono: successfully reloaded assembly
- Completed reload, in  1.726 seconds
Domain Reload Profiling:
	ReloadAssembly (1728ms)
		BeginReloadAssembly (204ms)
			ExecutionOrderSort (0ms)
			DisableScriptedObjects (11ms)
			BackupInstance (0ms)
			ReleaseScriptingObjects (0ms)
			CreateAndSetChildDomain (32ms)
		EndReloadAssembly (1444ms)
			LoadAssemblies (99ms)
			RebuildTransferFunctionScriptingTraits (0ms)
			SetupTypeCache (454ms)
			ReleaseScriptCaches (1ms)
			RebuildScriptCaches (145ms)
			SetupLoadedEditorAssemblies (534ms)
				LogAssemblyErrors (0ms)
				InitializePlatformSupportModulesInManaged (9ms)
				SetLoadedEditorAssemblies (0ms)
				RefreshPlugins (62ms)
				BeforeProcessingInitializeOnLoad (86ms)
				ProcessInitializeOnLoadAttributes (353ms)
				ProcessInitializeOnLoadMethodAttributes (23ms)
				AfterProcessingInitializeOnLoad (1ms)
				EditorAssembliesLoaded (0ms)
			ExecutionOrderSort2 (0ms)
			AwakeInstancesAfterBackupRestoration (10ms)
Platform modules already initialized, skipping
Validating Project structure ... 0.000728 seconds.
Shader import version has changed; will reimport all shaders...
Upgrading shader files ...0.000712 seconds.
Application.AssetDatabase Initial Script Refresh Start
RefreshInfo: InitialScriptRefreshV2(NoUpdateAssetOptions) scanfilter:  ... 1 filters
RefreshProfiler: Total: 0.000ms
Application.AssetDatabase Initial Script Refresh End
Application.AssetDatabase.Refresh Start
Application.AssetDatabase.Refresh End
RefreshInfo: StopAssetImportingV2(ForceSynchronousImport) scanfilter: 
RefreshProfiler: Total: 0.000ms
Launching external process: /Applications/Unity/Unity.app/Contents/Tools/UnityShaderCompiler
Launched and connected shader compiler UnityShaderCompiler after 0.03 seconds
Initializing Unity extensions:
2022-10-07 17:35:39.665 Unity[56422:13489589] NSEventModifierFlagFunction specified to -setKeyEquivalentModifierMask: for item <NSMenuItem: 0x6000015bc310 Font Asset, ke='Command-F12'>, but is only supported for system-provided menu items; will not be used
2022-10-07 17:35:39.670 Unity[56422:13489589] NSEventModifierFlagFunction specified to -setKeyEquivalentModifierMask: for item <NSMenuItem: 0x6000015b36b0 Font Asset, ke='Command-F12'>, but is only supported for system-provided menu items; will not be used
========================================================================
Worker process is ready to serve import requests
Refreshing native plugins compatible for Editor in 0.57 ms, found 3 plugins.
Preloading 0 native plugins for Editor in 0.00 ms.
Unloading 2199 Unused Serialized files (Serialized files now loaded: 0)
System memory in use before: 211.9 MB.
System memory in use after: 211.1 MB.

Unloading 109 unused Assets to reduce memory usage. Loaded Objects now: 2666.
Total: 5.946131 ms (FindLiveObjects: 0.240658 ms CreateObjectMapping: 0.132222 ms MarkObjects: 4.801432 ms  DeleteObjects: 0.770552 ms)

AssetImportParameters requested are different than current active one (requested -> active):
  custom:video-decoder-ogg-theora: a1e56fd34408186e4bbccfd4996cb3dc -> 
  custom:container-muxer-webm: aa71ff27fc2769a1b78a27578f13a17b -> 
  custom:container-demuxer-webm: 4f35f7cbe854078d1ac9338744f61a02 -> 
  custom:container-demuxer-ogg: 62fdf1f143b41e24485cea50d1cbac27 -> 
  custom:video-encoder-webm-vp8: eb34c28f22e8b96e1ab97ce403110664 -> 
  custom:framework-osx-AVFoundation: e770b220cccbd017edd2c1fefb359320 -> 
  custom:video-decoder-webm-vp8: 9c59270c3fd7afecdb556c50c9e8de78 -> 
  custom:audio-decoder-ogg-vorbis: bf7c407c2cedff20999df2af8eb42d56 -> 
  custom:audio-encoder-webm-vorbis: bf7c407c2cedff20999df2af8eb42d56 -> 
========================================================================
Received Import Request.
  path: Assets/Spritesheets/compproteinicon.png
  artifactKey: Guid(aa9c8e94dacec4f7c830c1f906494309) Importer(815301076,1909f56bfc062723c751e8b465ee728b)
Start importing Assets/Spritesheets/compproteinicon.png using Guid(aa9c8e94dacec4f7c830c1f906494309) Importer(815301076,1909f56bfc062723c751e8b465ee728b)  -> (artifact id: 'cae6ad5bfea65db27fbd53c12d807857') in 1.501125 seconds 
  Import took 1.513486 seconds .

========================================================================
Received Import Request.
  Time since last request: 0.001331 seconds.
  path: Assets/Spritesheets/antibodiesicon.png
  artifactKey: Guid(9f5d49756b4b94998aa822c7a9be48de) Importer(815301076,1909f56bfc062723c751e8b465ee728b)
Start importing Assets/Spritesheets/antibodiesicon.png using Guid(9f5d49756b4b94998aa822c7a9be48de) Importer(815301076,1909f56bfc062723c751e8b465ee728b)  -> (artifact id: '24d9665ff7e74b12901f538716529d5a') in 0.032614 seconds 
  Import took 0.040560 seconds .

========================================================================
Received Import Request.
  Time since last request: 0.000502 seconds.
  path: Assets/Spritesheets/helpertcellicon.png
  artifactKey: Guid(ccc26ac8ebe8341a780d280a002f5b8d) Importer(815301076,1909f56bfc062723c751e8b465ee728b)
Start importing Assets/Spritesheets/helpertcellicon.png using Guid(ccc26ac8ebe8341a780d280a002f5b8d) Importer(815301076,1909f56bfc062723c751e8b465ee728b)  -> (artifact id: '0f3c36d80f59afe5ea70177eb079c46e') in 0.027616 seconds 
  Import took 0.034123 seconds .

========================================================================
Received Import Request.
  Time since last request: 0.000484 seconds.
  path: Assets/Spritesheets/neutrophilicon.png
  artifactKey: Guid(2848bdc9dc6cf47798c07d8c26ee4331) Importer(815301076,1909f56bfc062723c751e8b465ee728b)
Start importing Assets/Spritesheets/neutrophilicon.png using Guid(2848bdc9dc6cf47798c07d8c26ee4331) Importer(815301076,1909f56bfc062723c751e8b465ee728b)  -> (artifact id: 'c946c5c3bb9d2840f0490bc8713ac423') in 0.022049 seconds 
  Import took 0.029880 seconds .

========================================================================
Received Import Request.
  Time since last request: 0.000393 seconds.
  path: Assets/Spritesheets/macrophageicon.png
  artifactKey: Guid(32a9299c60f9a4652a852e6e98444fea) Importer(815301076,1909f56bfc062723c751e8b465ee728b)
Start importing Assets/Spritesheets/macrophageicon.png using Guid(32a9299c60f9a4652a852e6e98444fea) Importer(815301076,1909f56bfc062723c751e8b465ee728b)  -> (artifact id: '0feede7492cb3a330d1919006a2dc809') in 0.017366 seconds 
  Import took 0.024830 seconds .

========================================================================
Received Import Request.
  Time since last request: 0.633274 seconds.
  path: Assets/Spritesheets/antibodiesicon.png
  artifactKey: Guid(9f5d49756b4b94998aa822c7a9be48de) Importer(815301076,1909f56bfc062723c751e8b465ee728b)
Start importing Assets/Spritesheets/antibodiesicon.png using Guid(9f5d49756b4b94998aa822c7a9be48de) Importer(815301076,1909f56bfc062723c751e8b465ee728b)  -> (artifact id: 'd63dfa36270134069f6a11acb92656ee') in 0.022619 seconds 
  Import took 0.030900 seconds .

========================================================================
Received Import Request.
  Time since last request: 0.000335 seconds.
  path: Assets/Spritesheets/compproteinicon.png
  artifactKey: Guid(aa9c8e94dacec4f7c830c1f906494309) Importer(815301076,1909f56bfc062723c751e8b465ee728b)
Start importing Assets/Spritesheets/compproteinicon.png using Guid(aa9c8e94dacec4f7c830c1f906494309) Importer(815301076,1909f56bfc062723c751e8b465ee728b)  -> (artifact id: '18395821178b92c6ab440b0250b2eab3') in 0.028187 seconds 
  Import took 0.035307 seconds .

========================================================================
Received Import Request.
  Time since last request: 0.000496 seconds.
  path: Assets/Spritesheets/helpertcellicon.png
  artifactKey: Guid(ccc26ac8ebe8341a780d280a002f5b8d) Importer(815301076,1909f56bfc062723c751e8b465ee728b)
Start importing Assets/Spritesheets/helpertcellicon.png using Guid(ccc26ac8ebe8341a780d280a002f5b8d) Importer(815301076,1909f56bfc062723c751e8b465ee728b)  -> (artifact id: 'e9a9b07dfa773546c229d8e5b06600cd') in 0.036225 seconds 
  Import took 0.047259 seconds .

========================================================================
Received Import Request.
  Time since last request: 0.000466 seconds.
  path: Assets/Spritesheets/neutrophilicon.png
  artifactKey: Guid(2848bdc9dc6cf47798c07d8c26ee4331) Importer(815301076,1909f56bfc062723c751e8b465ee728b)
Start importing Assets/Spritesheets/neutrophilicon.png using Guid(2848bdc9dc6cf47798c07d8c26ee4331) Importer(815301076,1909f56bfc062723c751e8b465ee728b)  -> (artifact id: 'c0a2d06130b729a4379fe528dfb64117') in 0.055227 seconds 
  Import took 0.064384 seconds .

========================================================================
Received Import Request.
  Time since last request: 0.000429 seconds.
  path: Assets/Spritesheets/macrophageicon.png
  artifactKey: Guid(32a9299c60f9a4652a852e6e98444fea) Importer(815301076,1909f56bfc062723c751e8b465ee728b)
Start importing Assets/Spritesheets/macrophageicon.png using Guid(32a9299c60f9a4652a852e6e98444fea) Importer(815301076,1909f56bfc062723c751e8b465ee728b)  -> (artifact id: '0819f7819f00f7edb8b80093ac8bcb66') in 0.042987 seconds 
  Import took 0.051978 seconds .

========================================================================
Received Prepare
Registering precompiled user dll's ...
Registered in 0.013397 seconds.
Begin MonoManager ReloadAssembly
Native extension for LinuxStandalone target not found
Native extension for OSXStandalone target not found
Native extension for WebGL target not found
Refreshing native plugins compatible for Editor in 0.68 ms, found 3 plugins.
Preloading 0 native plugins for Editor in 0.00 ms.
2022-10-07 17:43:41.436 Unity[56422:13489589] NSEventModifierFlagFunction specified to -setKeyEquivalentModifierMask: for item <NSMenuItem: 0x600001591e30 Font Asset, ke='Command-F12'>, but is only supported for system-provided menu items; will not be used
Mono: successfully reloaded assembly
- Completed reload, in  1.974 seconds
Domain Reload Profiling:
	ReloadAssembly (1977ms)
		BeginReloadAssembly (458ms)
			ExecutionOrderSort (0ms)
			DisableScriptedObjects (33ms)
			BackupInstance (0ms)
			ReleaseScriptingObjects (0ms)
			CreateAndSetChildDomain (162ms)
		EndReloadAssembly (1414ms)
			LoadAssemblies (335ms)
			RebuildTransferFunctionScriptingTraits (0ms)
			SetupTypeCache (479ms)
			ReleaseScriptCaches (1ms)
			RebuildScriptCaches (92ms)
			SetupLoadedEditorAssemblies (432ms)
				LogAssemblyErrors (0ms)
				InitializePlatformSupportModulesInManaged (11ms)
				SetLoadedEditorAssemblies (1ms)
				RefreshPlugins (1ms)
				BeforeProcessingInitializeOnLoad (147ms)
				ProcessInitializeOnLoadAttributes (252ms)
				ProcessInitializeOnLoadMethodAttributes (20ms)
				AfterProcessingInitializeOnLoad (1ms)
				EditorAssembliesLoaded (0ms)
			ExecutionOrderSort2 (0ms)
			AwakeInstancesAfterBackupRestoration (12ms)
Platform modules already initialized, skipping
Refreshing native plugins compatible for Editor in 0.93 ms, found 3 plugins.
Preloading 0 native plugins for Editor in 0.00 ms.
Unloading 2193 Unused Serialized files (Serialized files now loaded: 0)
System memory in use before: 216.7 MB.
System memory in use after: 216.7 MB.

Unloading 24 unused Assets to reduce memory usage. Loaded Objects now: 2674.
Total: 5.607553 ms (FindLiveObjects: 0.335635 ms CreateObjectMapping: 0.154926 ms MarkObjects: 4.911677 ms  DeleteObjects: 0.203841 ms)

AssetImportParameters requested are different than current active one (requested -> active):
  custom:video-decoder-ogg-theora: a1e56fd34408186e4bbccfd4996cb3dc -> 
  custom:container-muxer-webm: aa71ff27fc2769a1b78a27578f13a17b -> 
  custom:container-demuxer-webm: 4f35f7cbe854078d1ac9338744f61a02 -> 
  custom:container-demuxer-ogg: 62fdf1f143b41e24485cea50d1cbac27 -> 
  custom:video-encoder-webm-vp8: eb34c28f22e8b96e1ab97ce403110664 -> 
  custom:framework-osx-AVFoundation: e770b220cccbd017edd2c1fefb359320 -> 
  custom:video-decoder-webm-vp8: 9c59270c3fd7afecdb556c50c9e8de78 -> 
  custom:audio-decoder-ogg-vorbis: bf7c407c2cedff20999df2af8eb42d56 -> 
  custom:audio-encoder-webm-vorbis: bf7c407c2cedff20999df2af8eb42d56 -> 
========================================================================
Received Import Request.
  Time since last request: 521.019814 seconds.
  path: Assets/Spritesheets/ecoli.png
  artifactKey: Guid(bb1e395350a8449aba5e896eac7f81d6) Importer(815301076,1909f56bfc062723c751e8b465ee728b)
Start importing Assets/Spritesheets/ecoli.png using Guid(bb1e395350a8449aba5e896eac7f81d6) Importer(815301076,1909f56bfc062723c751e8b465ee728b)  -> (artifact id: '7c1c775ae7c2a42687565f09a24be313') in 0.154492 seconds 
  Import took 0.163566 seconds .

========================================================================
Received Import Request.
  Time since last request: 11.868362 seconds.
  path: Assets/Spritesheets/ecoli.png
  artifactKey: Guid(bb1e395350a8449aba5e896eac7f81d6) Importer(815301076,1909f56bfc062723c751e8b465ee728b)
Start importing Assets/Spritesheets/ecoli.png using Guid(bb1e395350a8449aba5e896eac7f81d6) Importer(815301076,1909f56bfc062723c751e8b465ee728b)  -> (artifact id: '5a36b49cec7d5df738529d1d2cf5da83') in 0.026989 seconds 
  Import took 0.033944 seconds .

========================================================================
Received Import Request.
  Time since last request: 161.903812 seconds.
  path: Assets/Scripts/EnemyMovement.cs
  artifactKey: Guid(19858a97f77ae42bba3a09a4db8bb479) Importer(815301076,1909f56bfc062723c751e8b465ee728b)
Start importing Assets/Scripts/EnemyMovement.cs using Guid(19858a97f77ae42bba3a09a4db8bb479) Importer(815301076,1909f56bfc062723c751e8b465ee728b)  -> (artifact id: 'ac6bc3af98675805f622745b32491317') in 2.705533 seconds 
  Import took 2.717622 seconds .

========================================================================
Received Prepare
Registering precompiled user dll's ...
Registered in 0.007451 seconds.
Begin MonoManager ReloadAssembly
Native extension for LinuxStandalone target not found
Native extension for OSXStandalone target not found
Native extension for WebGL target not found
Refreshing native plugins compatible for Editor in 0.68 ms, found 3 plugins.
Preloading 0 native plugins for Editor in 0.00 ms.
2022-10-07 17:47:28.903 Unity[56422:13489589] NSEventModifierFlagFunction specified to -setKeyEquivalentModifierMask: for item <NSMenuItem: 0x6000015b1dc0 Font Asset, ke='Command-F12'>, but is only supported for system-provided menu items; will not be used
Mono: successfully reloaded assembly
- Completed reload, in  1.606 seconds
Domain Reload Profiling:
	ReloadAssembly (1607ms)
		BeginReloadAssembly (227ms)
			ExecutionOrderSort (0ms)
			DisableScriptedObjects (19ms)
			BackupInstance (0ms)
			ReleaseScriptingObjects (0ms)
			CreateAndSetChildDomain (113ms)
		EndReloadAssembly (1303ms)
			LoadAssemblies (107ms)
			RebuildTransferFunctionScriptingTraits (0ms)
			SetupTypeCache (522ms)
			ReleaseScriptCaches (1ms)
			RebuildScriptCaches (77ms)
			SetupLoadedEditorAssemblies (441ms)
				LogAssemblyErrors (0ms)
				InitializePlatformSupportModulesInManaged (9ms)
				SetLoadedEditorAssemblies (1ms)
				RefreshPlugins (1ms)
				BeforeProcessingInitializeOnLoad (127ms)
				ProcessInitializeOnLoadAttributes (288ms)
				ProcessInitializeOnLoadMethodAttributes (15ms)
				AfterProcessingInitializeOnLoad (1ms)
				EditorAssembliesLoaded (0ms)
			ExecutionOrderSort2 (0ms)
			AwakeInstancesAfterBackupRestoration (13ms)
Platform modules already initialized, skipping
Refreshing native plugins compatible for Editor in 0.75 ms, found 3 plugins.
Preloading 0 native plugins for Editor in 0.00 ms.
Unloading 2194 Unused Serialized files (Serialized files now loaded: 0)
System memory in use before: 221.1 MB.
System memory in use after: 221.1 MB.

Unloading 23 unused Assets to reduce memory usage. Loaded Objects now: 2678.
Total: 4.973513 ms (FindLiveObjects: 0.215360 ms CreateObjectMapping: 0.111843 ms MarkObjects: 4.447334 ms  DeleteObjects: 0.197862 ms)

AssetImportParameters requested are different than current active one (requested -> active):
  custom:video-decoder-ogg-theora: a1e56fd34408186e4bbccfd4996cb3dc -> 
  custom:container-muxer-webm: aa71ff27fc2769a1b78a27578f13a17b -> 
  custom:container-demuxer-webm: 4f35f7cbe854078d1ac9338744f61a02 -> 
  custom:container-demuxer-ogg: 62fdf1f143b41e24485cea50d1cbac27 -> 
  custom:video-encoder-webm-vp8: eb34c28f22e8b96e1ab97ce403110664 -> 
  custom:framework-osx-AVFoundation: e770b220cccbd017edd2c1fefb359320 -> 
  custom:video-decoder-webm-vp8: 9c59270c3fd7afecdb556c50c9e8de78 -> 
  custom:audio-decoder-ogg-vorbis: bf7c407c2cedff20999df2af8eb42d56 -> 
  custom:audio-encoder-webm-vorbis: bf7c407c2cedff20999df2af8eb42d56 -> 
========================================================================
Received Prepare
Registering precompiled user dll's ...
Registered in 0.005321 seconds.
Begin MonoManager ReloadAssembly
Native extension for LinuxStandalone target not found
Native extension for OSXStandalone target not found
Native extension for WebGL target not found
Refreshing native plugins compatible for Editor in 0.75 ms, found 3 plugins.
Preloading 0 native plugins for Editor in 0.00 ms.
2022-10-07 17:48:43.043 Unity[56422:13489589] NSEventModifierFlagFunction specified to -setKeyEquivalentModifierMask: for item <NSMenuItem: 0x6000015bd810 Font Asset, ke='Command-F12'>, but is only supported for system-provided menu items; will not be used
Mono: successfully reloaded assembly
- Completed reload, in  1.465 seconds
Domain Reload Profiling:
	ReloadAssembly (1465ms)
		BeginReloadAssembly (169ms)
			ExecutionOrderSort (0ms)
			DisableScriptedObjects (7ms)
			BackupInstance (0ms)
			ReleaseScriptingObjects (0ms)
			CreateAndSetChildDomain (79ms)
		EndReloadAssembly (1200ms)
			LoadAssemblies (117ms)
			RebuildTransferFunctionScriptingTraits (0ms)
			SetupTypeCache (441ms)
			ReleaseScriptCaches (1ms)
			RebuildScriptCaches (65ms)
			SetupLoadedEditorAssemblies (430ms)
				LogAssemblyErrors (0ms)
				InitializePlatformSupportModulesInManaged (7ms)
				SetLoadedEditorAssemblies (1ms)
				RefreshPlugins (1ms)
				BeforeProcessingInitializeOnLoad (132ms)
				ProcessInitializeOnLoadAttributes (274ms)
				ProcessInitializeOnLoadMethodAttributes (14ms)
				AfterProcessingInitializeOnLoad (1ms)
				EditorAssembliesLoaded (0ms)
			ExecutionOrderSort2 (0ms)
			AwakeInstancesAfterBackupRestoration (12ms)
Platform modules already initialized, skipping
Refreshing native plugins compatible for Editor in 0.78 ms, found 3 plugins.
Preloading 0 native plugins for Editor in 0.00 ms.
Unloading 2193 Unused Serialized files (Serialized files now loaded: 0)
System memory in use before: 221.3 MB.
System memory in use after: 221.3 MB.

Unloading 24 unused Assets to reduce memory usage. Loaded Objects now: 2679.
Total: 5.877325 ms (FindLiveObjects: 0.278329 ms CreateObjectMapping: 0.172011 ms MarkObjects: 5.202089 ms  DeleteObjects: 0.206831 ms)

AssetImportParameters requested are different than current active one (requested -> active):
  custom:video-decoder-ogg-theora: a1e56fd34408186e4bbccfd4996cb3dc -> 
  custom:container-muxer-webm: aa71ff27fc2769a1b78a27578f13a17b -> 
  custom:container-demuxer-webm: 4f35f7cbe854078d1ac9338744f61a02 -> 
  custom:container-demuxer-ogg: 62fdf1f143b41e24485cea50d1cbac27 -> 
  custom:video-encoder-webm-vp8: eb34c28f22e8b96e1ab97ce403110664 -> 
  custom:framework-osx-AVFoundation: e770b220cccbd017edd2c1fefb359320 -> 
  custom:video-decoder-webm-vp8: 9c59270c3fd7afecdb556c50c9e8de78 -> 
  custom:audio-decoder-ogg-vorbis: bf7c407c2cedff20999df2af8eb42d56 -> 
  custom:audio-encoder-webm-vorbis: bf7c407c2cedff20999df2af8eb42d56 -> 
========================================================================
Received Prepare
Registering precompiled user dll's ...
Registered in 0.005329 seconds.
Begin MonoManager ReloadAssembly
Native extension for LinuxStandalone target not found
Native extension for OSXStandalone target not found
Native extension for WebGL target not found
Refreshing native plugins compatible for Editor in 0.64 ms, found 3 plugins.
Preloading 0 native plugins for Editor in 0.00 ms.
2022-10-07 17:48:58.763 Unity[56422:13489589] NSEventModifierFlagFunction specified to -setKeyEquivalentModifierMask: for item <NSMenuItem: 0x600001585c70 Font Asset, ke='Command-F12'>, but is only supported for system-provided menu items; will not be used
Mono: successfully reloaded assembly
- Completed reload, in  1.404 seconds
Domain Reload Profiling:
	ReloadAssembly (1404ms)
		BeginReloadAssembly (159ms)
			ExecutionOrderSort (0ms)
			DisableScriptedObjects (10ms)
			BackupInstance (0ms)
			ReleaseScriptingObjects (0ms)
			CreateAndSetChildDomain (78ms)
		EndReloadAssembly (1160ms)
			LoadAssemblies (127ms)
			RebuildTransferFunctionScriptingTraits (0ms)
			SetupTypeCache (439ms)
			ReleaseScriptCaches (1ms)
			RebuildScriptCaches (62ms)
			SetupLoadedEditorAssemblies (397ms)
				LogAssemblyErrors (0ms)
				InitializePlatformSupportModulesInManaged (7ms)
				SetLoadedEditorAssemblies (1ms)
				RefreshPlugins (1ms)
				BeforeProcessingInitializeOnLoad (121ms)
				ProcessInitializeOnLoadAttributes (255ms)
				ProcessInitializeOnLoadMethodAttributes (13ms)
				AfterProcessingInitializeOnLoad (1ms)
				EditorAssembliesLoaded (0ms)
			ExecutionOrderSort2 (0ms)
			AwakeInstancesAfterBackupRestoration (11ms)
Platform modules already initialized, skipping
Refreshing native plugins compatible for Editor in 0.77 ms, found 3 plugins.
Preloading 0 native plugins for Editor in 0.00 ms.
Unloading 2194 Unused Serialized files (Serialized files now loaded: 0)
System memory in use before: 221.5 MB.
System memory in use after: 221.5 MB.

Unloading 23 unused Assets to reduce memory usage. Loaded Objects now: 2682.
Total: 5.388086 ms (FindLiveObjects: 0.257115 ms CreateObjectMapping: 0.129862 ms MarkObjects: 4.753505 ms  DeleteObjects: 0.246257 ms)

AssetImportParameters requested are different than current active one (requested -> active):
  custom:video-decoder-ogg-theora: a1e56fd34408186e4bbccfd4996cb3dc -> 
  custom:container-muxer-webm: aa71ff27fc2769a1b78a27578f13a17b -> 
  custom:container-demuxer-webm: 4f35f7cbe854078d1ac9338744f61a02 -> 
  custom:container-demuxer-ogg: 62fdf1f143b41e24485cea50d1cbac27 -> 
  custom:video-encoder-webm-vp8: eb34c28f22e8b96e1ab97ce403110664 -> 
  custom:framework-osx-AVFoundation: e770b220cccbd017edd2c1fefb359320 -> 
  custom:video-decoder-webm-vp8: 9c59270c3fd7afecdb556c50c9e8de78 -> 
  custom:audio-decoder-ogg-vorbis: bf7c407c2cedff20999df2af8eb42d56 -> 
  custom:audio-encoder-webm-vorbis: bf7c407c2cedff20999df2af8eb42d56 -> 
========================================================================
Received Prepare
Registering precompiled user dll's ...
Registered in 0.004948 seconds.
Begin MonoManager ReloadAssembly
Native extension for LinuxStandalone target not found
Native extension for OSXStandalone target not found
Native extension for WebGL target not found
Refreshing native plugins compatible for Editor in 0.81 ms, found 3 plugins.
Preloading 0 native plugins for Editor in 0.00 ms.
2022-10-08 16:49:02.019 Unity[56422:13489589] NSEventModifierFlagFunction specified to -setKeyEquivalentModifierMask: for item <NSMenuItem: 0x600001597b10 Font Asset, ke='Command-F12'>, but is only supported for system-provided menu items; will not be used
Mono: successfully reloaded assembly
- Completed reload, in  6.764 seconds
Domain Reload Profiling:
	ReloadAssembly (6837ms)
		BeginReloadAssembly (2459ms)
			ExecutionOrderSort (0ms)
			DisableScriptedObjects (266ms)
			BackupInstance (0ms)
			ReleaseScriptingObjects (0ms)
			CreateAndSetChildDomain (1200ms)
		EndReloadAssembly (4006ms)
			LoadAssemblies (876ms)
			RebuildTransferFunctionScriptingTraits (0ms)
			SetupTypeCache (1788ms)
			ReleaseScriptCaches (10ms)
			RebuildScriptCaches (172ms)
			SetupLoadedEditorAssemblies (1274ms)
				LogAssemblyErrors (0ms)
				InitializePlatformSupportModulesInManaged (38ms)
				SetLoadedEditorAssemblies (4ms)
				RefreshPlugins (1ms)
				BeforeProcessingInitializeOnLoad (375ms)
				ProcessInitializeOnLoadAttributes (797ms)
				ProcessInitializeOnLoadMethodAttributes (56ms)
				AfterProcessingInitializeOnLoad (2ms)
				EditorAssembliesLoaded (1ms)
			ExecutionOrderSort2 (0ms)
			AwakeInstancesAfterBackupRestoration (41ms)
Platform modules already initialized, skipping
Refreshing native plugins compatible for Editor in 0.60 ms, found 3 plugins.
Preloading 0 native plugins for Editor in 0.00 ms.
Unloading 2194 Unused Serialized files (Serialized files now loaded: 0)
System memory in use before: 221.7 MB.
System memory in use after: 221.7 MB.

Unloading 23 unused Assets to reduce memory usage. Loaded Objects now: 2684.
Total: 8.218386 ms (FindLiveObjects: 0.449126 ms CreateObjectMapping: 0.186587 ms MarkObjects: 7.161662 ms  DeleteObjects: 0.405967 ms)

AssetImportParameters requested are different than current active one (requested -> active):
  custom:video-decoder-ogg-theora: a1e56fd34408186e4bbccfd4996cb3dc -> 
  custom:container-muxer-webm: aa71ff27fc2769a1b78a27578f13a17b -> 
  custom:container-demuxer-webm: 4f35f7cbe854078d1ac9338744f61a02 -> 
  custom:container-demuxer-ogg: 62fdf1f143b41e24485cea50d1cbac27 -> 
  custom:video-encoder-webm-vp8: eb34c28f22e8b96e1ab97ce403110664 -> 
  custom:framework-osx-AVFoundation: e770b220cccbd017edd2c1fefb359320 -> 
  custom:video-decoder-webm-vp8: 9c59270c3fd7afecdb556c50c9e8de78 -> 
  custom:audio-decoder-ogg-vorbis: bf7c407c2cedff20999df2af8eb42d56 -> 
  custom:audio-encoder-webm-vorbis: bf7c407c2cedff20999df2af8eb42d56 -> 
========================================================================
Received Prepare
Registering precompiled user dll's ...
Registered in 0.027405 seconds.
Begin MonoManager ReloadAssembly
Native extension for LinuxStandalone target not found
Native extension for OSXStandalone target not found
Native extension for WebGL target not found
Refreshing native plugins compatible for Editor in 122.43 ms, found 3 plugins.
Preloading 0 native plugins for Editor in 0.00 ms.
2022-10-08 16:50:14.122 Unity[56422:13489589] NSEventModifierFlagFunction specified to -setKeyEquivalentModifierMask: for item <NSMenuItem: 0x6000015963e0 Font Asset, ke='Command-F12'>, but is only supported for system-provided menu items; will not be used
Mono: successfully reloaded assembly
- Completed reload, in  6.753 seconds
Domain Reload Profiling:
	ReloadAssembly (6795ms)
		BeginReloadAssembly (993ms)
			ExecutionOrderSort (0ms)
			DisableScriptedObjects (54ms)
			BackupInstance (0ms)
			ReleaseScriptingObjects (7ms)
			CreateAndSetChildDomain (418ms)
		EndReloadAssembly (5574ms)
			LoadAssemblies (715ms)
			RebuildTransferFunctionScriptingTraits (4ms)
			SetupTypeCache (1063ms)
			ReleaseScriptCaches (2ms)
			RebuildScriptCaches (238ms)
			SetupLoadedEditorAssemblies (2664ms)
				LogAssemblyErrors (0ms)
				InitializePlatformSupportModulesInManaged (64ms)
				SetLoadedEditorAssemblies (7ms)
				RefreshPlugins (123ms)
				BeforeProcessingInitializeOnLoad (594ms)
				ProcessInitializeOnLoadAttributes (1656ms)
				ProcessInitializeOnLoadMethodAttributes (203ms)
				AfterProcessingInitializeOnLoad (1ms)
				EditorAssembliesLoaded (18ms)
			ExecutionOrderSort2 (0ms)
			AwakeInstancesAfterBackupRestoration (52ms)
Platform modules already initialized, skipping
Refreshing native plugins compatible for Editor in 1.57 ms, found 3 plugins.
Preloading 0 native plugins for Editor in 0.00 ms.
Unloading 2194 Unused Serialized files (Serialized files now loaded: 0)
System memory in use before: 221.9 MB.
System memory in use after: 221.9 MB.

Unloading 23 unused Assets to reduce memory usage. Loaded Objects now: 2686.
Total: 281.298081 ms (FindLiveObjects: 10.132857 ms CreateObjectMapping: 0.932849 ms MarkObjects: 249.103016 ms  DeleteObjects: 21.125477 ms)

AssetImportParameters requested are different than current active one (requested -> active):
  custom:video-decoder-ogg-theora: a1e56fd34408186e4bbccfd4996cb3dc -> 
  custom:container-muxer-webm: aa71ff27fc2769a1b78a27578f13a17b -> 
  custom:container-demuxer-webm: 4f35f7cbe854078d1ac9338744f61a02 -> 
  custom:container-demuxer-ogg: 62fdf1f143b41e24485cea50d1cbac27 -> 
  custom:video-encoder-webm-vp8: eb34c28f22e8b96e1ab97ce403110664 -> 
  custom:framework-osx-AVFoundation: e770b220cccbd017edd2c1fefb359320 -> 
  custom:video-decoder-webm-vp8: 9c59270c3fd7afecdb556c50c9e8de78 -> 
  custom:audio-decoder-ogg-vorbis: bf7c407c2cedff20999df2af8eb42d56 -> 
  custom:audio-encoder-webm-vorbis: bf7c407c2cedff20999df2af8eb42d56 -> 
========================================================================
Received Prepare
Registering precompiled user dll's ...
Registered in 0.020018 seconds.
Begin MonoManager ReloadAssembly
Native extension for LinuxStandalone target not found
Native extension for OSXStandalone target not found
Native extension for WebGL target not found
Refreshing native plugins compatible for Editor in 0.91 ms, found 3 plugins.
Preloading 0 native plugins for Editor in 0.00 ms.
2022-10-08 18:44:43.757 Unity[56422:13489589] NSEventModifierFlagFunction specified to -setKeyEquivalentModifierMask: for item <NSMenuItem: 0x600001593db0 Font Asset, ke='Command-F12'>, but is only supported for system-provided menu items; will not be used
Mono: successfully reloaded assembly
- Completed reload, in  3.354 seconds
Domain Reload Profiling:
	ReloadAssembly (3370ms)
		BeginReloadAssembly (936ms)
			ExecutionOrderSort (0ms)
			DisableScriptedObjects (82ms)
			BackupInstance (0ms)
			ReleaseScriptingObjects (1ms)
			CreateAndSetChildDomain (416ms)
		EndReloadAssembly (2268ms)
			LoadAssemblies (563ms)
			RebuildTransferFunctionScriptingTraits (4ms)
			SetupTypeCache (820ms)
			ReleaseScriptCaches (1ms)
			RebuildScriptCaches (88ms)
			SetupLoadedEditorAssemblies (738ms)
				LogAssemblyErrors (0ms)
				InitializePlatformSupportModulesInManaged (12ms)
				SetLoadedEditorAssemblies (2ms)
				RefreshPlugins (1ms)
				BeforeProcessingInitializeOnLoad (226ms)
				ProcessInitializeOnLoadAttributes (470ms)
				ProcessInitializeOnLoadMethodAttributes (25ms)
				AfterProcessingInitializeOnLoad (1ms)
				EditorAssembliesLoaded (1ms)
			ExecutionOrderSort2 (0ms)
			AwakeInstancesAfterBackupRestoration (22ms)
Platform modules already initialized, skipping
Refreshing native plugins compatible for Editor in 0.90 ms, found 3 plugins.
Preloading 0 native plugins for Editor in 0.00 ms.
Unloading 2194 Unused Serialized files (Serialized files now loaded: 0)
System memory in use before: 222.1 MB.
System memory in use after: 222.1 MB.

Unloading 23 unused Assets to reduce memory usage. Loaded Objects now: 2688.
Total: 12.959008 ms (FindLiveObjects: 0.468138 ms CreateObjectMapping: 0.252148 ms MarkObjects: 11.960838 ms  DeleteObjects: 0.258869 ms)

AssetImportParameters requested are different than current active one (requested -> active):
  custom:video-decoder-ogg-theora: a1e56fd34408186e4bbccfd4996cb3dc -> 
  custom:container-muxer-webm: aa71ff27fc2769a1b78a27578f13a17b -> 
  custom:container-demuxer-webm: 4f35f7cbe854078d1ac9338744f61a02 -> 
  custom:container-demuxer-ogg: 62fdf1f143b41e24485cea50d1cbac27 -> 
  custom:video-encoder-webm-vp8: eb34c28f22e8b96e1ab97ce403110664 -> 
  custom:framework-osx-AVFoundation: e770b220cccbd017edd2c1fefb359320 -> 
  custom:video-decoder-webm-vp8: 9c59270c3fd7afecdb556c50c9e8de78 -> 
  custom:audio-decoder-ogg-vorbis: bf7c407c2cedff20999df2af8eb42d56 -> 
  custom:audio-encoder-webm-vorbis: bf7c407c2cedff20999df2af8eb42d56 -> 
AssetImportWorkerClient::OnTransportError - code=2 error=End of file
